Determining if the pthread_create exist failed with the following output:
Change Dir: /home/frederic/ur_am/build/CMakeFiles/CMakeTmp

Run Build Command:"/usr/bin/make" "cmTC_06dc3/fast"
/usr/bin/make -f CMakeFiles/cmTC_06dc3.dir/build.make CMakeFiles/cmTC_06dc3.dir/build
make[1]: Entering directory '/home/frederic/ur_am/build/CMakeFiles/CMakeTmp'
Building C object CMakeFiles/cmTC_06dc3.dir/CheckSymbolExists.c.o
/usr/bin/cc     -o CMakeFiles/cmTC_06dc3.dir/CheckSymbolExists.c.o   -c /home/frederic/ur_am/build/CMakeFiles/CMakeTmp/CheckSymbolExists.c
Linking C executable cmTC_06dc3
/usr/bin/cmake -E cmake_link_script CMakeFiles/cmTC_06dc3.dir/link.txt --verbose=1
/usr/bin/cc       CMakeFiles/cmTC_06dc3.dir/CheckSymbolExists.c.o  -o cmTC_06dc3 -rdynamic 
CMakeFiles/cmTC_06dc3.dir/CheckSymbolExists.c.o: In function `main':
CheckSymbolExists.c:(.text+0x16): undefined reference to `pthread_create'
collect2: error: ld returned 1 exit status
CMakeFiles/cmTC_06dc3.dir/build.make:97: recipe for target 'cmTC_06dc3' failed
make[1]: *** [cmTC_06dc3] Error 1
make[1]: Leaving directory '/home/frederic/ur_am/build/CMakeFiles/CMakeTmp'
Makefile:126: recipe for target 'cmTC_06dc3/fast' failed
make: *** [cmTC_06dc3/fast] Error 2

File /home/frederic/ur_am/build/CMakeFiles/CMakeTmp/CheckSymbolExists.c:
/* */
#include <pthread.h>

int main(int argc, char** argv)
{
  (void)argv;
#ifndef pthread_create
  return ((int*)(&pthread_create))[argc];
#else
  (void)argc;
  return 0;
#endif
}

Determining if the function pthread_create exists in the pthreads failed with the following output:
Change Dir: /home/frederic/ur_am/build/CMakeFiles/CMakeTmp

Run Build Command:"/usr/bin/make" "cmTC_fd49f/fast"
/usr/bin/make -f CMakeFiles/cmTC_fd49f.dir/build.make CMakeFiles/cmTC_fd49f.dir/build
make[1]: Entering directory '/home/frederic/ur_am/build/CMakeFiles/CMakeTmp'
Building C object CMakeFiles/cmTC_fd49f.dir/CheckFunctionExists.c.o
/usr/bin/cc    -DCHECK_FUNCTION_EXISTS=pthread_create   -o CMakeFiles/cmTC_fd49f.dir/CheckFunctionExists.c.o   -c /usr/share/cmake-3.5/Modules/CheckFunctionExists.c
Linking C executable cmTC_fd49f
/usr/bin/cmake -E cmake_link_script CMakeFiles/cmTC_fd49f.dir/link.txt --verbose=1
/usr/bin/cc   -DCHECK_FUNCTION_EXISTS=pthread_create    CMakeFiles/cmTC_fd49f.dir/CheckFunctionExists.c.o  -o cmTC_fd49f -rdynamic -lpthreads 
/usr/bin/ld: cannot find -lpthreads
collect2: error: ld returned 1 exit status
CMakeFiles/cmTC_fd49f.dir/build.make:97: recipe for target 'cmTC_fd49f' failed
make[1]: *** [cmTC_fd49f] Error 1
make[1]: Leaving directory '/home/frederic/ur_am/build/CMakeFiles/CMakeTmp'
Makefile:126: recipe for target 'cmTC_fd49f/fast' failed
make: *** [cmTC_fd49f/fast] Error 2


